<?xml version="1.0" encoding="UTF-8"?>
<!-- Generated by org.testng.reporters.JUnitXMLReporter -->
<testsuite ignored="13" hostname="EERO" failures="0" tests="1" name="Default test" time="358.705" errors="0" timestamp="2024-03-27T16:34:51 IST">
  <testcase classname="Eero_Testcases.TestValidation" name="mirrorError_Vlan" time="326.919"/>
  <testcase classname="Eero_Testcases.TestValidation" name="softReset_PPPOE" time="0.0">
    <ignored/>
  </testcase> <!-- softReset_PPPOE -->
  <testcase classname="Eero_Testcases.TestValidation" name="hardReset_Vlan" time="0.0">
    <ignored/>
  </testcase> <!-- hardReset_Vlan -->
  <testcase classname="Eero_Testcases.TestValidation" name="hardReset_PPPOE" time="0.0">
    <ignored/>
  </testcase> <!-- hardReset_PPPOE -->
  <testcase classname="Eero_Testcases.TestValidation" name="StaticIpSetupOnGateway" time="0.0">
    <ignored/>
  </testcase> <!-- StaticIpSetupOnGateway -->
  <testcase classname="Eero_Testcases.TestValidation" name="basicSetupOnLeaf" time="0.0">
    <ignored/>
  </testcase> <!-- basicSetupOnLeaf -->
  <testcase classname="Eero_Testcases.TestValidation" name="softReset_Static" time="0.0">
    <ignored/>
  </testcase> <!-- softReset_Static -->
  <testcase classname="Eero_Testcases.TestValidation" name="StaticIpSetupOnLeafnode" time="0.0">
    <ignored/>
  </testcase> <!-- StaticIpSetupOnLeafnode -->
  <testcase classname="Eero_Testcases.TestValidation" name="pppoeSetupOnGateway" time="0.0">
    <ignored/>
  </testcase> <!-- pppoeSetupOnGateway -->
  <testcase classname="Eero_Testcases.TestValidation" name="pppoeLeafnodeSetup" time="0.0">
    <ignored/>
  </testcase> <!-- pppoeLeafnodeSetup -->
  <testcase classname="Eero_Testcases.TestValidation" name="credentialChange_PPPOE" time="0.0">
    <ignored/>
  </testcase> <!-- credentialChange_PPPOE -->
  <testcase classname="Eero_Testcases.TestValidation" name="softReset_Vlan" time="0.0">
    <ignored/>
  </testcase> <!-- softReset_Vlan -->
  <testcase classname="Eero_Testcases.TestValidation" name="vlanSetupOnGateway" time="0.0">
    <ignored/>
  </testcase> <!-- vlanSetupOnGateway -->
  <testcase classname="Eero_Testcases.TestValidation" name="hardReset_Static" time="0.0">
    <ignored/>
  </testcase> <!-- hardReset_Static -->
</testsuite> <!-- Default test -->
