<?xml version="1.0" encoding="UTF-8"?>
<testng-results ignored="13" total="14" passed="1" failed="0" skipped="0">
  <reporter-output>
  </reporter-output>
  <suite started-at="2024-03-27T16:28:53 IST" name="Default suite" finished-at="2024-03-27T16:34:51 IST" duration-ms="358705">
    <groups>
      <group name="Vlan_setup">
        <method signature="TestValidation.mirrorError_Vlan()[pri:5, instance:Eero_Testcases.TestValidation@12aba8be]" name="mirrorError_Vlan" class="Eero_Testcases.TestValidation"/>
      </group> <!-- Vlan_setup -->
    </groups>
    <test started-at="2024-03-27T16:28:53 IST" name="Default test" finished-at="2024-03-27T16:34:51 IST" duration-ms="358705">
      <class name="Eero_Testcases.TestValidation">
        <test-method is-config="true" signature="ConfigureAppium()[pri:0, instance:Eero_Testcases.TestValidation@12aba8be]" started-at="2024-03-27T16:28:53 IST" name="ConfigureAppium" finished-at="2024-03-27T16:29:24 IST" duration-ms="31364" status="PASS">
          <reporter-output>
          </reporter-output>
        </test-method> <!-- ConfigureAppium -->
        <test-method signature="mirrorError_Vlan()[pri:5, instance:Eero_Testcases.TestValidation@12aba8be]" started-at="2024-03-27T16:29:24 IST" name="mirrorError_Vlan" description="Vlan network mirror error state" finished-at="2024-03-27T16:34:51 IST" duration-ms="326919" status="PASS">
          <reporter-output>
          </reporter-output>
        </test-method> <!-- mirrorError_Vlan -->
        <test-method is-config="true" signature="tearDown()[pri:0, instance:Eero_Testcases.TestValidation@12aba8be]" started-at="2024-03-27T16:34:51 IST" name="tearDown" finished-at="2024-03-27T16:34:51 IST" duration-ms="384" status="PASS">
          <reporter-output>
          </reporter-output>
        </test-method> <!-- tearDown -->
      </class> <!-- Eero_Testcases.TestValidation -->
    </test> <!-- Default test -->
  </suite> <!-- Default suite -->
</testng-results>
